NOTE: Picked up JDK_JAVA_OPTIONS:  --add-opens=java.base/java.lang=ALL-UNNAMED --add-opens=java.base/java.io=ALL-UNNAMED --add-opens=java.rmi/sun.rmi.transport=ALL-UNNAMED
Jun 27, 2020 3:39:04 PM org.apache.catalina.startup.VersionLoggerListener log
INFO: Server version name:   Apache Tomcat/7.0.104
Jun 27, 2020 3:39:04 PM org.apache.catalina.startup.VersionLoggerListener log
INFO: Server built:          May 7 2020 19:31:18 UTC
Jun 27, 2020 3:39:04 PM org.apache.catalina.startup.VersionLoggerListener log
INFO: Server version number: 7.0.104.0
Jun 27, 2020 3:39:04 PM org.apache.catalina.startup.VersionLoggerListener log
INFO: OS Name:               Linux
Jun 27, 2020 3:39:04 PM org.apache.catalina.startup.VersionLoggerListener log
INFO: OS Version:            4.15.0-58-generic
Jun 27, 2020 3:39:04 PM org.apache.catalina.startup.VersionLoggerListener log
INFO: Architecture:          amd64
Jun 27, 2020 3:39:04 PM org.apache.catalina.startup.VersionLoggerListener log
INFO: Java Home:             /usr/lib/jvm/java-11-openjdk-amd64
Jun 27, 2020 3:39:04 PM org.apache.catalina.startup.VersionLoggerListener log
INFO: JVM Version:           11.0.7+10-post-Ubuntu-2ubuntu218.04
Jun 27, 2020 3:39:04 PM org.apache.catalina.startup.VersionLoggerListener log
INFO: JVM Vendor:            Ubuntu
Jun 27, 2020 3:39:04 PM org.apache.catalina.startup.VersionLoggerListener log
INFO: CATALINA_BASE:         /home/vagrant/sisdis/apache-tomcat-7.0.104
Jun 27, 2020 3:39:04 PM org.apache.catalina.startup.VersionLoggerListener log
INFO: CATALINA_HOME:         /home/vagrant/sisdis/apache-tomcat-7.0.104
Jun 27, 2020 3:39:04 PM org.apache.catalina.startup.VersionLoggerListener log
INFO: Command line argument: --add-opens=java.base/java.lang=ALL-UNNAMED
Jun 27, 2020 3:39:04 PM org.apache.catalina.startup.VersionLoggerListener log
INFO: Command line argument: --add-opens=java.base/java.io=ALL-UNNAMED
Jun 27, 2020 3:39:04 PM org.apache.catalina.startup.VersionLoggerListener log
INFO: Command line argument: --add-opens=java.rmi/sun.rmi.transport=ALL-UNNAMED
Jun 27, 2020 3:39:04 PM org.apache.catalina.startup.VersionLoggerListener log
INFO: Command line argument: -Djava.util.logging.config.file=/home/vagrant/sisdis/apache-tomcat-7.0.104/conf/logging.properties
Jun 27, 2020 3:39:04 PM org.apache.catalina.startup.VersionLoggerListener log
INFO: Command line argument: -Djava.util.logging.manager=org.apache.juli.ClassLoaderLogManager
Jun 27, 2020 3:39:04 PM org.apache.catalina.startup.VersionLoggerListener log
INFO: Command line argument: -Djdk.tls.ephemeralDHKeySize=2048
Jun 27, 2020 3:39:04 PM org.apache.catalina.startup.VersionLoggerListener log
INFO: Command line argument: -Dorg.apache.catalina.security.SecurityListener.UMASK=0027
Jun 27, 2020 3:39:04 PM org.apache.catalina.startup.VersionLoggerListener log
INFO: Command line argument: -Dignore.endorsed.dirs=
Jun 27, 2020 3:39:04 PM org.apache.catalina.startup.VersionLoggerListener log
INFO: Command line argument: -Dcatalina.base=/home/vagrant/sisdis/apache-tomcat-7.0.104
Jun 27, 2020 3:39:04 PM org.apache.catalina.startup.VersionLoggerListener log
INFO: Command line argument: -Dcatalina.home=/home/vagrant/sisdis/apache-tomcat-7.0.104
Jun 27, 2020 3:39:04 PM org.apache.catalina.startup.VersionLoggerListener log
INFO: Command line argument: -Djava.io.tmpdir=/home/vagrant/sisdis/apache-tomcat-7.0.104/temp
Jun 27, 2020 3:39:04 PM org.apache.catalina.core.AprLifecycleListener lifecycleEvent
INFO: The Apache Tomcat Native library which allows using OpenSSL was not found on the java.library.path: [/usr/java/packages/lib:/usr/lib/x86_64-linux-gnu/jni:/lib/x86_64-linux-gnu:/usr/lib/x86_64-linux-gnu:/usr/lib/jni:/lib:/usr/lib]
Jun 27, 2020 3:39:04 PM org.apache.coyote.AbstractProtocol init
INFO: Initializing ProtocolHandler ["http-bio-8080"]
Jun 27, 2020 3:39:04 PM org.apache.catalina.startup.Catalina load
INFO: Initialization processed in 1952 ms
Jun 27, 2020 3:39:04 PM org.apache.catalina.core.StandardService startInternal
INFO: Starting service [Catalina]
Jun 27, 2020 3:39:04 PM org.apache.catalina.core.StandardEngine startInternal
INFO: Starting Servlet Engine: Apache Tomcat/7.0.104
Jun 27, 2020 3:39:05 PM org.apache.catalina.startup.HostConfig deployDirectory
INFO: Deploying web application directory [/home/vagrant/sisdis/apache-tomcat-7.0.104/webapps/docs]
Jun 27, 2020 3:39:05 PM org.apache.catalina.startup.HostConfig deployDirectory
INFO: Deployment of web application directory [/home/vagrant/sisdis/apache-tomcat-7.0.104/webapps/docs] has finished in [843] ms
Jun 27, 2020 3:39:05 PM org.apache.catalina.startup.HostConfig deployDirectory
INFO: Deploying web application directory [/home/vagrant/sisdis/apache-tomcat-7.0.104/webapps/examples]
Jun 27, 2020 3:39:06 PM org.apache.catalina.startup.HostConfig deployDirectory
INFO: Deployment of web application directory [/home/vagrant/sisdis/apache-tomcat-7.0.104/webapps/examples] has finished in [514] ms
Jun 27, 2020 3:39:06 PM org.apache.catalina.startup.HostConfig deployDirectory
INFO: Deploying web application directory [/home/vagrant/sisdis/apache-tomcat-7.0.104/webapps/manager]
Jun 27, 2020 3:39:06 PM org.apache.catalina.startup.HostConfig deployDirectory
INFO: Deployment of web application directory [/home/vagrant/sisdis/apache-tomcat-7.0.104/webapps/manager] has finished in [138] ms
Jun 27, 2020 3:39:06 PM org.apache.catalina.startup.HostConfig deployDirectory
INFO: Deploying web application directory [/home/vagrant/sisdis/apache-tomcat-7.0.104/webapps/host-manager]
Jun 27, 2020 3:39:06 PM org.apache.catalina.startup.HostConfig deployDirectory
INFO: Deployment of web application directory [/home/vagrant/sisdis/apache-tomcat-7.0.104/webapps/host-manager] has finished in [101] ms
Jun 27, 2020 3:39:06 PM org.apache.catalina.startup.HostConfig deployDirectory
INFO: Deploying web application directory [/home/vagrant/sisdis/apache-tomcat-7.0.104/webapps/ROOT]
Jun 27, 2020 3:39:06 PM org.apache.catalina.startup.HostConfig deployDirectory
INFO: Deployment of web application directory [/home/vagrant/sisdis/apache-tomcat-7.0.104/webapps/ROOT] has finished in [74] ms
Jun 27, 2020 3:39:06 PM org.apache.coyote.AbstractProtocol start
INFO: Starting ProtocolHandler ["http-bio-8080"]
Jun 27, 2020 3:39:06 PM org.apache.catalina.startup.Catalina start
INFO: Server startup in 1984 ms
Jun 27, 2020 3:56:56 PM org.apache.catalina.startup.HostConfig deployWAR
INFO: Deploying web application archive [/home/vagrant/sisdis/apache-tomcat-7.0.104/webapps/RAProceso.war]
Jun 27, 2020 3:56:57 PM org.apache.catalina.loader.WebappClassLoaderBase validateJarFile
INFO: validateJarFile(/home/vagrant/sisdis/apache-tomcat-7.0.104/webapps/RAProceso/WEB-INF/lib/jakarta.servlet-api-4.0.3.jar) - jar not loaded. See Servlet Spec 3.0, section 10.7.2. Offending class: javax/servlet/Servlet.class
Jun 27, 2020 3:56:58 PM org.apache.catalina.startup.TldConfig execute
INFO: At least one JAR was scanned for TLDs yet contained no TLDs. Enable debug logging for this logger for a complete list of JARs that were scanned but no TLDs were found in them. Skipping unneeded JARs during scanning can improve startup time and JSP compilation time.
Jun 27, 2020 3:56:58 PM org.glassfish.jersey.server.wadl.WadlFeature configure
WARNING: JAXBContext implementation could not be found. WADL feature is disabled.
Jun 27, 2020 3:56:59 PM org.apache.catalina.startup.HostConfig deployWAR
INFO: Deployment of web application archive [/home/vagrant/sisdis/apache-tomcat-7.0.104/webapps/RAProceso.war] has finished in [2,542] ms
Fichero creado: LogP0.log
/home/vagrant/sisdis/LogP0.log
Proceso creado: 0
Fichero creado: LogP1.log
/home/vagrant/sisdis/LogP1.log
Proceso creado: 1
Ya estamos run id: 0
Fichero creado: LogP2.log
/home/vagrant/sisdis/LogP2.log
Proceso creado: 2
Ya estamos run id: 1
Fichero creado: LogP3.log
/home/vagrant/sisdis/LogP3.log
Proceso creado: 3
Ya estamos run id: 2
Ya estamos run id: 3
Procesos iniciados y desbloqueados
Ya estamos listos id: 0
[0]Estamos simulando el cálculo
Ya estamos listos id: 2
[2]Estamos simulando el cálculo
Ya estamos listos id: 1
[1]Estamos simulando el cálculo
Ya estamos listos id: 3
[3]Estamos simulando el cálculo
[2]Intentamos entrar en la Sección Crítica
[2] Enviando multidifusion a todos los procesos
[3]Intentamos entrar en la Sección Crítica
[3] Enviando multidifusion a todos los procesos
[1]Intentamos entrar en la Sección Crítica
[1] Enviando multidifusion a todos los procesos
[0]Intentamos entrar en la Sección Crítica
[0] Enviando multidifusion a todos los procesos
[0] Recibimos peticiones de proceso con id: [3]
[1] Recibimos peticiones de proceso con id: [3]
[2] Recibimos peticiones de proceso con id: [3]
[3] Recibimos peticiones de proceso con id: [3]
[3] OK Por mi, para el proceso con id:[3]
[0] Recibimos peticiones de proceso con id: [2]
[0] Recibimos peticiones de proceso con id: [1]
[1] Recibimos peticiones de proceso con id: [1]
[0] Recibimos peticiones de proceso con id: [0]
[0] OK Por mi, para el proceso con id:[0]
[1] OK Por mi, para el proceso con id:[1]
[2] Recibimos peticiones de proceso con id: [1]
[2] OK Por mi, para el proceso con id:[1]
[1] Recibimos peticiones de proceso con id: [0]
[1] OK Por mi, para el proceso con id:[0]
[1] Recibimos peticiones de proceso con id: [2]
[2] Recibimos peticiones de proceso con id: [2]
[2] Recibimos peticiones de proceso con id: [0]
[2] OK Por mi, para el proceso con id:[2]
[3] Recibimos peticiones de proceso con id: [1]
[3] OK Por mi, para el proceso con id:[1]
[2] OK Por mi, para el proceso con id:[0]
[3] Recibimos peticiones de proceso con id: [2]
[3] OK Por mi, para el proceso con id:[2]
[3] Recibimos peticiones de proceso con id: [0]
[3] OK Por mi, para el proceso con id:[0]
[0]---ENTRAMOS en la Sección Crítica
[0] Permanecemos en la Sección Crítica
[0]---SALIMOS de la Sección Crítica
[0]Vamos a responder a: 3
[0]Queue: [3, 1, 2]
[0]Vamos a responder a: 1
[0]Queue: [1, 2]
[1]---ENTRAMOS en la Sección Crítica
[1] Permanecemos en la Sección Crítica
[0]Vamos a responder a: 2
[0]Queue: [2]
[0]Estamos simulando el cálculo
[1]---SALIMOS de la Sección Crítica
[1]Vamos a responder a: 3
[1]Queue: [3, 2]
[1]Vamos a responder a: 2
[1]Queue: [2]
[2]---ENTRAMOS en la Sección Crítica
[2] Permanecemos en la Sección Crítica
[0]Intentamos entrar en la Sección Crítica
[0] Enviando multidifusion a todos los procesos
[1]Estamos simulando el cálculo
[0] Recibimos peticiones de proceso con id: [0]
[0] OK Por mi, para el proceso con id:[0]
[1] Recibimos peticiones de proceso con id: [0]
[1] OK Por mi, para el proceso con id:[0]
[2] Recibimos peticiones de proceso con id: [0]
[3] Recibimos peticiones de proceso con id: [0]
[2]---SALIMOS de la Sección Crítica
[2]Vamos a responder a: 3
[2]Queue: [3, 0]
[3]---ENTRAMOS en la Sección Crítica
[3] Permanecemos en la Sección Crítica
[2]Vamos a responder a: 0
[2]Queue: [0]
[2]Estamos simulando el cálculo
[3]---SALIMOS de la Sección Crítica
[3]Vamos a responder a: 0
[3]Queue: [0]
[0]---ENTRAMOS en la Sección Crítica
[0] Permanecemos en la Sección Crítica
[3]Estamos simulando el cálculo
[1]Intentamos entrar en la Sección Crítica
[1] Enviando multidifusion a todos los procesos
[0] Recibimos peticiones de proceso con id: [1]
[1] Recibimos peticiones de proceso con id: [1]
[1] OK Por mi, para el proceso con id:[1]
[0]---SALIMOS de la Sección Crítica
[0]Vamos a responder a: 1
[0]Queue: [1]
[2] Recibimos peticiones de proceso con id: [1]
[2] OK Por mi, para el proceso con id:[1]
[0]Estamos simulando el cálculo
[3] Recibimos peticiones de proceso con id: [1]
[3] OK Por mi, para el proceso con id:[1]
[1]---ENTRAMOS en la Sección Crítica
[1] Permanecemos en la Sección Crítica
[2]Intentamos entrar en la Sección Crítica
[2] Enviando multidifusion a todos los procesos
[0] Recibimos peticiones de proceso con id: [2]
[0] OK Por mi, para el proceso con id:[2]
[3]Intentamos entrar en la Sección Crítica
[3] Enviando multidifusion a todos los procesos
[1] Recibimos peticiones de proceso con id: [2]
[2] Recibimos peticiones de proceso con id: [2]
[2] OK Por mi, para el proceso con id:[2]
[0] Recibimos peticiones de proceso con id: [3]
[0] OK Por mi, para el proceso con id:[3]
[3] Recibimos peticiones de proceso con id: [2]
[3] OK Por mi, para el proceso con id:[2]
[1] Recibimos peticiones de proceso con id: [3]
[2] Recibimos peticiones de proceso con id: [3]
[3] Recibimos peticiones de proceso con id: [3]
[1]---SALIMOS de la Sección Crítica
[1]Vamos a responder a: 2
[1]Queue: [2, 3]
[3] OK Por mi, para el proceso con id:[3]
[0]Intentamos entrar en la Sección Crítica
[0] Enviando multidifusion a todos los procesos
[0] Recibimos peticiones de proceso con id: [0]
[0] OK Por mi, para el proceso con id:[0]
[2]---ENTRAMOS en la Sección Crítica
[2] Permanecemos en la Sección Crítica
[1]Vamos a responder a: 3
[1]Queue: [3]
[1] Recibimos peticiones de proceso con id: [0]
[1] OK Por mi, para el proceso con id:[0]
[1]Estamos simulando el cálculo
[2] Recibimos peticiones de proceso con id: [0]
[3] Recibimos peticiones de proceso con id: [0]
[3] OK Por mi, para el proceso con id:[0]
[2]---SALIMOS de la Sección Crítica
[2]Vamos a responder a: 3
[2]Queue: [3, 0]
[3]---ENTRAMOS en la Sección Crítica
[3] Permanecemos en la Sección Crítica
[2]Vamos a responder a: 0
[2]Queue: [0]
[0]---ENTRAMOS en la Sección Crítica
[0] Permanecemos en la Sección Crítica
[2]Estamos simulando el cálculo
[0]---SALIMOS de la Sección Crítica
[0]Estamos simulando el cálculo
[3]---SALIMOS de la Sección Crítica
[3]Estamos simulando el cálculo
[1]Intentamos entrar en la Sección Crítica
[1] Enviando multidifusion a todos los procesos
[0] Recibimos peticiones de proceso con id: [1]
[0] OK Por mi, para el proceso con id:[1]
[1] Recibimos peticiones de proceso con id: [1]
[1] OK Por mi, para el proceso con id:[1]
[2] Recibimos peticiones de proceso con id: [1]
[2] OK Por mi, para el proceso con id:[1]
[2]Intentamos entrar en la Sección Crítica
[2] Enviando multidifusion a todos los procesos
[3] Recibimos peticiones de proceso con id: [1]
[3] OK Por mi, para el proceso con id:[1]
[0] Recibimos peticiones de proceso con id: [2]
[0] OK Por mi, para el proceso con id:[2]
[1]---ENTRAMOS en la Sección Crítica
[1] Permanecemos en la Sección Crítica
[1] Recibimos peticiones de proceso con id: [2]
[2] Recibimos peticiones de proceso con id: [2]
[2] OK Por mi, para el proceso con id:[2]
[3] Recibimos peticiones de proceso con id: [2]
[3] OK Por mi, para el proceso con id:[2]
[0]Intentamos entrar en la Sección Crítica
[0] Enviando multidifusion a todos los procesos
[1]---SALIMOS de la Sección Crítica
[1]Vamos a responder a: 2
[1]Queue: [2]
[0] Recibimos peticiones de proceso con id: [0]
[0] OK Por mi, para el proceso con id:[0]
[2]---ENTRAMOS en la Sección Crítica
[2] Permanecemos en la Sección Crítica
[1]Estamos simulando el cálculo
[1] Recibimos peticiones de proceso con id: [0]
[1] OK Por mi, para el proceso con id:[0]
[3]Intentamos entrar en la Sección Crítica
[3] Enviando multidifusion a todos los procesos
[0] Recibimos peticiones de proceso con id: [3]
[1] Recibimos peticiones de proceso con id: [3]
[1] OK Por mi, para el proceso con id:[3]
[2] Recibimos peticiones de proceso con id: [0]
[3] Recibimos peticiones de proceso con id: [0]
[3] OK Por mi, para el proceso con id:[0]
[2] Recibimos peticiones de proceso con id: [3]
[3] Recibimos peticiones de proceso con id: [3]
[3] OK Por mi, para el proceso con id:[3]
[2]---SALIMOS de la Sección Crítica
[2]Vamos a responder a: 0
[2]Queue: [0, 3]
[0]---ENTRAMOS en la Sección Crítica
[0] Permanecemos en la Sección Crítica
[2]Vamos a responder a: 3
[2]Queue: [3]
[2]Estamos simulando el cálculo
[0]---SALIMOS de la Sección Crítica
[0]Vamos a responder a: 3
[0]Queue: [3]
[3]---ENTRAMOS en la Sección Crítica
[3] Permanecemos en la Sección Crítica
[0]Estamos simulando el cálculo
[1]Intentamos entrar en la Sección Crítica
[1] Enviando multidifusion a todos los procesos
[0] Recibimos peticiones de proceso con id: [1]
[0] OK Por mi, para el proceso con id:[1]
[1] Recibimos peticiones de proceso con id: [1]
[1] OK Por mi, para el proceso con id:[1]
[2] Recibimos peticiones de proceso con id: [1]
[2] OK Por mi, para el proceso con id:[1]
[3] Recibimos peticiones de proceso con id: [1]
[3]---SALIMOS de la Sección Crítica
[3]Vamos a responder a: 1
[3]Queue: [1]
[1]---ENTRAMOS en la Sección Crítica
[1] Permanecemos en la Sección Crítica
[2]Intentamos entrar en la Sección Crítica
[2] Enviando multidifusion a todos los procesos
[3]Estamos simulando el cálculo
[0] Recibimos peticiones de proceso con id: [2]
[0] OK Por mi, para el proceso con id:[2]
[1] Recibimos peticiones de proceso con id: [2]
[2] Recibimos peticiones de proceso con id: [2]
[2] OK Por mi, para el proceso con id:[2]
[3] Recibimos peticiones de proceso con id: [2]
[3] OK Por mi, para el proceso con id:[2]
[0]Intentamos entrar en la Sección Crítica
[0] Enviando multidifusion a todos los procesos
[1]---SALIMOS de la Sección Crítica
[1]Vamos a responder a: 2
[1]Queue: [2]
[2]---ENTRAMOS en la Sección Crítica
[2] Permanecemos en la Sección Crítica
[0] Recibimos peticiones de proceso con id: [0]
[0] OK Por mi, para el proceso con id:[0]
[1]Estamos simulando el cálculo
[1] Recibimos peticiones de proceso con id: [0]
[1] OK Por mi, para el proceso con id:[0]
[2] Recibimos peticiones de proceso con id: [0]
[3] Recibimos peticiones de proceso con id: [0]
[3] OK Por mi, para el proceso con id:[0]
[2]---SALIMOS de la Sección Crítica
[2]Vamos a responder a: 0
[2]Queue: [0]
[0]---ENTRAMOS en la Sección Crítica
[0] Permanecemos en la Sección Crítica
[2]Estamos simulando el cálculo
[3]Intentamos entrar en la Sección Crítica
[3] Enviando multidifusion a todos los procesos
[0] Recibimos peticiones de proceso con id: [3]
[1] Recibimos peticiones de proceso con id: [3]
[1] OK Por mi, para el proceso con id:[3]
[2] Recibimos peticiones de proceso con id: [3]
[2] OK Por mi, para el proceso con id:[3]
[3] Recibimos peticiones de proceso con id: [3]
[3] OK Por mi, para el proceso con id:[3]
[1]Intentamos entrar en la Sección Crítica
[1] Enviando multidifusion a todos los procesos
[0] Recibimos peticiones de proceso con id: [1]
[1] Recibimos peticiones de proceso con id: [1]
[1] OK Por mi, para el proceso con id:[1]
[2] Recibimos peticiones de proceso con id: [1]
[2] OK Por mi, para el proceso con id:[1]
[3] Recibimos peticiones de proceso con id: [1]
[3] OK Por mi, para el proceso con id:[1]
[0]---SALIMOS de la Sección Crítica
[0]Vamos a responder a: 3
[0]Queue: [3, 1]
[3]---ENTRAMOS en la Sección Crítica
[3] Permanecemos en la Sección Crítica
[0]Vamos a responder a: 1
[0]Queue: [1]
[1]---ENTRAMOS en la Sección Crítica
[1] Permanecemos en la Sección Crítica
[2]Intentamos entrar en la Sección Crítica
[2] Enviando multidifusion a todos los procesos
[0] Recibimos peticiones de proceso con id: [2]
[0] OK Por mi, para el proceso con id:[2]
[1]---SALIMOS de la Sección Crítica
[3]---SALIMOS de la Sección Crítica
[3]Estamos simulando el cálculo
[1] Recibimos peticiones de proceso con id: [2]
[1] OK Por mi, para el proceso con id:[2]
[2] Recibimos peticiones de proceso con id: [2]
[2] OK Por mi, para el proceso con id:[2]
[3] Recibimos peticiones de proceso con id: [2]
[3] OK Por mi, para el proceso con id:[2]
[2]---ENTRAMOS en la Sección Crítica
[2] Permanecemos en la Sección Crítica
[3]Intentamos entrar en la Sección Crítica
[3] Enviando multidifusion a todos los procesos
[0] Recibimos peticiones de proceso con id: [3]
[0] OK Por mi, para el proceso con id:[3]
[2]---SALIMOS de la Sección Crítica
[1] Recibimos peticiones de proceso con id: [3]
[1] OK Por mi, para el proceso con id:[3]
[2] Recibimos peticiones de proceso con id: [3]
[2] OK Por mi, para el proceso con id:[3]
[3] Recibimos peticiones de proceso con id: [3]
[3] OK Por mi, para el proceso con id:[3]
[3]---ENTRAMOS en la Sección Crítica
[3] Permanecemos en la Sección Crítica
[3]---SALIMOS de la Sección Crítica
Fichero creado: LogP0.log
/home/vagrant/sisdis/LogP0.log
Proceso creado: 0
Fichero creado: LogP0.log
/home/vagrant/sisdis/LogP0.log
Proceso creado: 0
Fichero creado: LogP0.log
/home/vagrant/sisdis/LogP0.log
Proceso creado: 0
Jun 27, 2020 4:01:40 PM org.apache.catalina.core.StandardServer await
INFO: A valid shutdown command was received via the shutdown port. Stopping the Server instance.
Jun 27, 2020 4:01:40 PM org.apache.coyote.AbstractProtocol pause
INFO: Pausing ProtocolHandler ["http-bio-8080"]
Jun 27, 2020 4:01:40 PM org.apache.catalina.core.StandardService stopInternal
INFO: Stopping service [Catalina]
Jun 27, 2020 4:01:40 PM org.apache.coyote.AbstractProtocol stop
INFO: Stopping ProtocolHandler ["http-bio-8080"]
Jun 27, 2020 4:01:40 PM org.apache.coyote.AbstractProtocol destroy
INFO: Destroying ProtocolHandler ["http-bio-8080"]
NOTE: Picked up JDK_JAVA_OPTIONS:  --add-opens=java.base/java.lang=ALL-UNNAMED --add-opens=java.base/java.io=ALL-UNNAMED --add-opens=java.rmi/sun.rmi.transport=ALL-UNNAMED
Jun 27, 2020 4:01:51 PM org.apache.catalina.startup.VersionLoggerListener log
INFO: Server version name:   Apache Tomcat/7.0.104
Jun 27, 2020 4:01:51 PM org.apache.catalina.startup.VersionLoggerListener log
INFO: Server built:          May 7 2020 19:31:18 UTC
Jun 27, 2020 4:01:51 PM org.apache.catalina.startup.VersionLoggerListener log
INFO: Server version number: 7.0.104.0
Jun 27, 2020 4:01:51 PM org.apache.catalina.startup.VersionLoggerListener log
INFO: OS Name:               Linux
Jun 27, 2020 4:01:51 PM org.apache.catalina.startup.VersionLoggerListener log
INFO: OS Version:            4.15.0-58-generic
Jun 27, 2020 4:01:51 PM org.apache.catalina.startup.VersionLoggerListener log
INFO: Architecture:          amd64
Jun 27, 2020 4:01:51 PM org.apache.catalina.startup.VersionLoggerListener log
INFO: Java Home:             /usr/lib/jvm/java-11-openjdk-amd64
Jun 27, 2020 4:01:51 PM org.apache.catalina.startup.VersionLoggerListener log
INFO: JVM Version:           11.0.7+10-post-Ubuntu-2ubuntu218.04
Jun 27, 2020 4:01:51 PM org.apache.catalina.startup.VersionLoggerListener log
INFO: JVM Vendor:            Ubuntu
Jun 27, 2020 4:01:51 PM org.apache.catalina.startup.VersionLoggerListener log
INFO: CATALINA_BASE:         /home/vagrant/sisdis/apache-tomcat-7.0.104
Jun 27, 2020 4:01:51 PM org.apache.catalina.startup.VersionLoggerListener log
INFO: CATALINA_HOME:         /home/vagrant/sisdis/apache-tomcat-7.0.104
Jun 27, 2020 4:01:51 PM org.apache.catalina.startup.VersionLoggerListener log
INFO: Command line argument: --add-opens=java.base/java.lang=ALL-UNNAMED
Jun 27, 2020 4:01:51 PM org.apache.catalina.startup.VersionLoggerListener log
INFO: Command line argument: --add-opens=java.base/java.io=ALL-UNNAMED
Jun 27, 2020 4:01:51 PM org.apache.catalina.startup.VersionLoggerListener log
INFO: Command line argument: --add-opens=java.rmi/sun.rmi.transport=ALL-UNNAMED
Jun 27, 2020 4:01:51 PM org.apache.catalina.startup.VersionLoggerListener log
INFO: Command line argument: -Djava.util.logging.config.file=/home/vagrant/sisdis/apache-tomcat-7.0.104/conf/logging.properties
Jun 27, 2020 4:01:51 PM org.apache.catalina.startup.VersionLoggerListener log
INFO: Command line argument: -Djava.util.logging.manager=org.apache.juli.ClassLoaderLogManager
Jun 27, 2020 4:01:51 PM org.apache.catalina.startup.VersionLoggerListener log
INFO: Command line argument: -Djdk.tls.ephemeralDHKeySize=2048
Jun 27, 2020 4:01:51 PM org.apache.catalina.startup.VersionLoggerListener log
INFO: Command line argument: -Dorg.apache.catalina.security.SecurityListener.UMASK=0027
Jun 27, 2020 4:01:51 PM org.apache.catalina.startup.VersionLoggerListener log
INFO: Command line argument: -Dignore.endorsed.dirs=
Jun 27, 2020 4:01:51 PM org.apache.catalina.startup.VersionLoggerListener log
INFO: Command line argument: -Dcatalina.base=/home/vagrant/sisdis/apache-tomcat-7.0.104
Jun 27, 2020 4:01:51 PM org.apache.catalina.startup.VersionLoggerListener log
INFO: Command line argument: -Dcatalina.home=/home/vagrant/sisdis/apache-tomcat-7.0.104
Jun 27, 2020 4:01:51 PM org.apache.catalina.startup.VersionLoggerListener log
INFO: Command line argument: -Djava.io.tmpdir=/home/vagrant/sisdis/apache-tomcat-7.0.104/temp
Jun 27, 2020 4:01:51 PM org.apache.catalina.core.AprLifecycleListener lifecycleEvent
INFO: The Apache Tomcat Native library which allows using OpenSSL was not found on the java.library.path: [/usr/java/packages/lib:/usr/lib/x86_64-linux-gnu/jni:/lib/x86_64-linux-gnu:/usr/lib/x86_64-linux-gnu:/usr/lib/jni:/lib:/usr/lib]
Jun 27, 2020 4:01:51 PM org.apache.coyote.AbstractProtocol init
INFO: Initializing ProtocolHandler ["http-bio-8080"]
Jun 27, 2020 4:01:51 PM org.apache.catalina.startup.Catalina load
INFO: Initialization processed in 1551 ms
Jun 27, 2020 4:01:51 PM org.apache.catalina.core.StandardService startInternal
INFO: Starting service [Catalina]
Jun 27, 2020 4:01:51 PM org.apache.catalina.core.StandardEngine startInternal
INFO: Starting Servlet Engine: Apache Tomcat/7.0.104
Jun 27, 2020 4:01:51 PM org.apache.catalina.startup.HostConfig deployWAR
INFO: Deploying web application archive [/home/vagrant/sisdis/apache-tomcat-7.0.104/webapps/RAProceso.war]
Jun 27, 2020 4:01:51 PM org.apache.catalina.loader.WebappClassLoaderBase validateJarFile
INFO: validateJarFile(/home/vagrant/sisdis/apache-tomcat-7.0.104/webapps/RAProceso/WEB-INF/lib/jakarta.servlet-api-4.0.3.jar) - jar not loaded. See Servlet Spec 3.0, section 10.7.2. Offending class: javax/servlet/Servlet.class
Jun 27, 2020 4:01:53 PM org.apache.catalina.startup.TldConfig execute
INFO: At least one JAR was scanned for TLDs yet contained no TLDs. Enable debug logging for this logger for a complete list of JARs that were scanned but no TLDs were found in them. Skipping unneeded JARs during scanning can improve startup time and JSP compilation time.
Jun 27, 2020 4:01:54 PM org.glassfish.jersey.server.wadl.WadlFeature configure
WARNING: JAXBContext implementation could not be found. WADL feature is disabled.
Jun 27, 2020 4:01:55 PM org.apache.catalina.startup.HostConfig deployWAR
INFO: Deployment of web application archive [/home/vagrant/sisdis/apache-tomcat-7.0.104/webapps/RAProceso.war] has finished in [4,096] ms
Jun 27, 2020 4:01:55 PM org.apache.catalina.startup.HostConfig deployDirectory
INFO: Deploying web application directory [/home/vagrant/sisdis/apache-tomcat-7.0.104/webapps/docs]
Jun 27, 2020 4:01:55 PM org.apache.catalina.startup.HostConfig deployDirectory
INFO: Deployment of web application directory [/home/vagrant/sisdis/apache-tomcat-7.0.104/webapps/docs] has finished in [103] ms
Jun 27, 2020 4:01:55 PM org.apache.catalina.startup.HostConfig deployDirectory
INFO: Deploying web application directory [/home/vagrant/sisdis/apache-tomcat-7.0.104/webapps/examples]
Jun 27, 2020 4:01:56 PM org.apache.catalina.startup.HostConfig deployDirectory
INFO: Deployment of web application directory [/home/vagrant/sisdis/apache-tomcat-7.0.104/webapps/examples] has finished in [684] ms
Jun 27, 2020 4:01:56 PM org.apache.catalina.startup.HostConfig deployDirectory
INFO: Deploying web application directory [/home/vagrant/sisdis/apache-tomcat-7.0.104/webapps/manager]
Jun 27, 2020 4:01:56 PM org.apache.catalina.startup.HostConfig deployDirectory
INFO: Deployment of web application directory [/home/vagrant/sisdis/apache-tomcat-7.0.104/webapps/manager] has finished in [132] ms
Jun 27, 2020 4:01:56 PM org.apache.catalina.startup.HostConfig deployDirectory
INFO: Deploying web application directory [/home/vagrant/sisdis/apache-tomcat-7.0.104/webapps/host-manager]
Jun 27, 2020 4:01:56 PM org.apache.catalina.startup.HostConfig deployDirectory
INFO: Deployment of web application directory [/home/vagrant/sisdis/apache-tomcat-7.0.104/webapps/host-manager] has finished in [89] ms
Jun 27, 2020 4:01:56 PM org.apache.catalina.startup.HostConfig deployDirectory
INFO: Deploying web application directory [/home/vagrant/sisdis/apache-tomcat-7.0.104/webapps/ROOT]
Jun 27, 2020 4:01:56 PM org.apache.catalina.startup.HostConfig deployDirectory
INFO: Deployment of web application directory [/home/vagrant/sisdis/apache-tomcat-7.0.104/webapps/ROOT] has finished in [78] ms
Jun 27, 2020 4:01:56 PM org.apache.coyote.AbstractProtocol start
INFO: Starting ProtocolHandler ["http-bio-8080"]
Jun 27, 2020 4:01:56 PM org.apache.catalina.startup.Catalina start
INFO: Server startup in 5451 ms
Fichero creado: LogP0.log
/home/vagrant/sisdis/LogP0.log
Proceso creado: 0
Fichero creado: LogP1.log
/home/vagrant/sisdis/LogP1.log
Proceso creado: 1
Ya estamos run id: 0
Fichero creado: LogP2.log
/home/vagrant/sisdis/LogP2.log
Proceso creado: 2
Ya estamos run id: 1
Fichero creado: LogP3.log
/home/vagrant/sisdis/LogP3.log
Proceso creado: 3
Ya estamos run id: 2
Ya estamos run id: 3
Procesos iniciados y desbloqueados
Ya estamos listos id: 0
[0]Estamos simulando el cálculo
Ya estamos listos id: 1
[1]Estamos simulando el cálculo
Ya estamos listos id: 2
[2]Estamos simulando el cálculo
Ya estamos listos id: 3
[3]Estamos simulando el cálculo
[1]Intentamos entrar en la Sección Crítica
[1] Enviando multidifusion a todos los procesos
[2]Intentamos entrar en la Sección Crítica
[2] Enviando multidifusion a todos los procesos
[0]Intentamos entrar en la Sección Crítica
[0] Enviando multidifusion a todos los procesos
[3]Intentamos entrar en la Sección Crítica
[3] Enviando multidifusion a todos los procesos
[0] Recibimos peticiones de proceso con id: [3]
[1] Recibimos peticiones de proceso con id: [3]
[2] Recibimos peticiones de proceso con id: [3]
[3] Recibimos peticiones de proceso con id: [3]
[3] OK Por mi, para el proceso con id:[3]
[0] Recibimos peticiones de proceso con id: [1]
[1] Recibimos peticiones de proceso con id: [1]
[1] OK Por mi, para el proceso con id:[1]
[0] Recibimos peticiones de proceso con id: [0]
[0] OK Por mi, para el proceso con id:[0]
[0] Recibimos peticiones de proceso con id: [2]
[1] Recibimos peticiones de proceso con id: [2]
[1] Recibimos peticiones de proceso con id: [0]
[2] Recibimos peticiones de proceso con id: [1]
[2] OK Por mi, para el proceso con id:[1]
[2] Recibimos peticiones de proceso con id: [2]
[1] OK Por mi, para el proceso con id:[0]
[2] OK Por mi, para el proceso con id:[2]
[3] Recibimos peticiones de proceso con id: [1]
[3] OK Por mi, para el proceso con id:[1]
[2] Recibimos peticiones de proceso con id: [0]
[2] OK Por mi, para el proceso con id:[0]
[3] Recibimos peticiones de proceso con id: [2]
[3] OK Por mi, para el proceso con id:[2]
[3] Recibimos peticiones de proceso con id: [0]
[3] OK Por mi, para el proceso con id:[0]
[0]---ENTRAMOS en la Sección Crítica
[0] Permanecemos en la Sección Crítica
[0]---SALIMOS de la Sección Crítica
[0]Vamos a responder a: 3
[0]Queue: [3, 1, 2]
[0]Vamos a responder a: 1
[0]Queue: [1, 2]
[1]---ENTRAMOS en la Sección Crítica
[1] Permanecemos en la Sección Crítica
[0]Vamos a responder a: 2
[0]Queue: [2]
[0]Estamos simulando el cálculo
[1]---SALIMOS de la Sección Crítica
[1]Vamos a responder a: 3
[1]Queue: [3, 2]
[1]Vamos a responder a: 2
[1]Queue: [2]
[2]---ENTRAMOS en la Sección Crítica
[2] Permanecemos en la Sección Crítica
[1]Estamos simulando el cálculo
[2]---SALIMOS de la Sección Crítica
[2]Vamos a responder a: 3
[2]Queue: [3]
[0]Intentamos entrar en la Sección Crítica
[0] Enviando multidifusion a todos los procesos
[0] Recibimos peticiones de proceso con id: [0]
[0] OK Por mi, para el proceso con id:[0]
[3]---ENTRAMOS en la Sección Crítica
[3] Permanecemos en la Sección Crítica
[2]Estamos simulando el cálculo
[1] Recibimos peticiones de proceso con id: [0]
[1] OK Por mi, para el proceso con id:[0]
[1]Intentamos entrar en la Sección Crítica
[1] Enviando multidifusion a todos los procesos
[2] Recibimos peticiones de proceso con id: [0]
[2] OK Por mi, para el proceso con id:[0]
[0] Recibimos peticiones de proceso con id: [1]
[1] Recibimos peticiones de proceso con id: [1]
[1] OK Por mi, para el proceso con id:[1]
[3] Recibimos peticiones de proceso con id: [0]
[2] Recibimos peticiones de proceso con id: [1]
[2] OK Por mi, para el proceso con id:[1]
[3] Recibimos peticiones de proceso con id: [1]
[3]---SALIMOS de la Sección Crítica
[3]Vamos a responder a: 0
[3]Queue: [0, 1]
[2]Intentamos entrar en la Sección Crítica
[2] Enviando multidifusion a todos los procesos
[0]---ENTRAMOS en la Sección Crítica
[0] Permanecemos en la Sección Crítica
[3]Vamos a responder a: 1
[3]Queue: [1]
[0] Recibimos peticiones de proceso con id: [2]
[1] Recibimos peticiones de proceso con id: [2]
[2] Recibimos peticiones de proceso con id: [2]
[2] OK Por mi, para el proceso con id:[2]
[3] Recibimos peticiones de proceso con id: [2]
[3]Estamos simulando el cálculo
[3] OK Por mi, para el proceso con id:[2]
[0]---SALIMOS de la Sección Crítica
[0]Vamos a responder a: 1
[0]Queue: [1, 2]
[1]---ENTRAMOS en la Sección Crítica
[1] Permanecemos en la Sección Crítica
[0]Vamos a responder a: 2
[0]Queue: [2]
[0]Estamos simulando el cálculo
[3]Intentamos entrar en la Sección Crítica
[3] Enviando multidifusion a todos los procesos
[1]---SALIMOS de la Sección Crítica
[1]Vamos a responder a: 2
[1]Queue: [2]
[0] Recibimos peticiones de proceso con id: [3]
[0] OK Por mi, para el proceso con id:[3]
[2]---ENTRAMOS en la Sección Crítica
[2] Permanecemos en la Sección Crítica
[1]Estamos simulando el cálculo
[1] Recibimos peticiones de proceso con id: [3]
[1] OK Por mi, para el proceso con id:[3]
[2] Recibimos peticiones de proceso con id: [3]
[3] Recibimos peticiones de proceso con id: [3]
[3] OK Por mi, para el proceso con id:[3]
[0]Intentamos entrar en la Sección Crítica
[0] Enviando multidifusion a todos los procesos
[0] Recibimos peticiones de proceso con id: [0]
[0] OK Por mi, para el proceso con id:[0]
[2]---SALIMOS de la Sección Crítica
[2]Vamos a responder a: 3
[2]Queue: [3]
[3]---ENTRAMOS en la Sección Crítica
[3] Permanecemos en la Sección Crítica
[1] Recibimos peticiones de proceso con id: [0]
[1] OK Por mi, para el proceso con id:[0]
[2]Estamos simulando el cálculo
[2] Recibimos peticiones de proceso con id: [0]
[2] OK Por mi, para el proceso con id:[0]
[3] Recibimos peticiones de proceso con id: [0]
[3]---SALIMOS de la Sección Crítica
[3]Vamos a responder a: 0
[3]Queue: [0]
[1]Intentamos entrar en la Sección Crítica
[1] Enviando multidifusion a todos los procesos
[0] Recibimos peticiones de proceso con id: [1]
[1] Recibimos peticiones de proceso con id: [1]
[1] OK Por mi, para el proceso con id:[1]
[0]---ENTRAMOS en la Sección Crítica
[0] Permanecemos en la Sección Crítica
[3]Estamos simulando el cálculo
[2] Recibimos peticiones de proceso con id: [1]
[2] OK Por mi, para el proceso con id:[1]
[3] Recibimos peticiones de proceso con id: [1]
[3] OK Por mi, para el proceso con id:[1]
[2]Intentamos entrar en la Sección Crítica
[2] Enviando multidifusion a todos los procesos
[0]---SALIMOS de la Sección Crítica
[0]Vamos a responder a: 1
[0]Queue: [1]
[0] Recibimos peticiones de proceso con id: [2]
[1]---ENTRAMOS en la Sección Crítica
[1] Permanecemos en la Sección Crítica
[0] OK Por mi, para el proceso con id:[2]
[0]Estamos simulando el cálculo
[1] Recibimos peticiones de proceso con id: [2]
[2] Recibimos peticiones de proceso con id: [2]
[2] OK Por mi, para el proceso con id:[2]
[3] Recibimos peticiones de proceso con id: [2]
[3] OK Por mi, para el proceso con id:[2]
[3]Intentamos entrar en la Sección Crítica
[3] Enviando multidifusion a todos los procesos
[0] Recibimos peticiones de proceso con id: [3]
[0] OK Por mi, para el proceso con id:[3]
[1]---SALIMOS de la Sección Crítica
[1]Vamos a responder a: 2
[1]Queue: [2]
[2]---ENTRAMOS en la Sección Crítica
[2] Permanecemos en la Sección Crítica
[1] Recibimos peticiones de proceso con id: [3]
[1] OK Por mi, para el proceso con id:[3]
[1]Estamos simulando el cálculo
[2] Recibimos peticiones de proceso con id: [3]
[3] Recibimos peticiones de proceso con id: [3]
[3] OK Por mi, para el proceso con id:[3]
[0]Intentamos entrar en la Sección Crítica
[0] Enviando multidifusion a todos los procesos
[0] Recibimos peticiones de proceso con id: [0]
[0] OK Por mi, para el proceso con id:[0]
[1] Recibimos peticiones de proceso con id: [0]
[1] OK Por mi, para el proceso con id:[0]
[2] Recibimos peticiones de proceso con id: [0]
[3] Recibimos peticiones de proceso con id: [0]
[2]---SALIMOS de la Sección Crítica
[2]Vamos a responder a: 3
[2]Queue: [3, 0]
[3]---ENTRAMOS en la Sección Crítica
[3] Permanecemos en la Sección Crítica
[2]Vamos a responder a: 0
[2]Queue: [0]
[2]Estamos simulando el cálculo
[1]Intentamos entrar en la Sección Crítica
[1] Enviando multidifusion a todos los procesos
[3]---SALIMOS de la Sección Crítica
[3]Vamos a responder a: 0
[3]Queue: [0]
[0] Recibimos peticiones de proceso con id: [1]
[1] Recibimos peticiones de proceso con id: [1]
[1] OK Por mi, para el proceso con id:[1]
[0]---ENTRAMOS en la Sección Crítica
[0] Permanecemos en la Sección Crítica
[3]Estamos simulando el cálculo
[2] Recibimos peticiones de proceso con id: [1]
[2] OK Por mi, para el proceso con id:[1]
[3] Recibimos peticiones de proceso con id: [1]
[3] OK Por mi, para el proceso con id:[1]
[0]---SALIMOS de la Sección Crítica
[0]Vamos a responder a: 1
[0]Queue: [1]
[1]---ENTRAMOS en la Sección Crítica
[1] Permanecemos en la Sección Crítica
[0]Estamos simulando el cálculo
[3]Intentamos entrar en la Sección Crítica
[3] Enviando multidifusion a todos los procesos
[1]---SALIMOS de la Sección Crítica
[1]Estamos simulando el cálculo
[2]Intentamos entrar en la Sección Crítica
[2] Enviando multidifusion a todos los procesos
[0] Recibimos peticiones de proceso con id: [3]
[0] OK Por mi, para el proceso con id:[3]
[0] Recibimos peticiones de proceso con id: [2]
[0] OK Por mi, para el proceso con id:[2]
[1] Recibimos peticiones de proceso con id: [3]
[1] OK Por mi, para el proceso con id:[3]
[2] Recibimos peticiones de proceso con id: [3]
[3] Recibimos peticiones de proceso con id: [3]
[3] OK Por mi, para el proceso con id:[3]
[1] Recibimos peticiones de proceso con id: [2]
[1] OK Por mi, para el proceso con id:[2]
[2] Recibimos peticiones de proceso con id: [2]
[2] OK Por mi, para el proceso con id:[2]
[3] Recibimos peticiones de proceso con id: [2]
[3] OK Por mi, para el proceso con id:[2]
[2]---ENTRAMOS en la Sección Crítica
[2] Permanecemos en la Sección Crítica
[0]Intentamos entrar en la Sección Crítica
[0] Enviando multidifusion a todos los procesos
[0] Recibimos peticiones de proceso con id: [0]
[0] OK Por mi, para el proceso con id:[0]
[2]---SALIMOS de la Sección Crítica
[2]Vamos a responder a: 3
[2]Queue: [3]
[1]Intentamos entrar en la Sección Crítica
[1] Enviando multidifusion a todos los procesos
[3]---ENTRAMOS en la Sección Crítica
[3] Permanecemos en la Sección Crítica
[1] Recibimos peticiones de proceso con id: [0]
[1] OK Por mi, para el proceso con id:[0]
[2]Estamos simulando el cálculo
[0] Recibimos peticiones de proceso con id: [1]
[1] Recibimos peticiones de proceso con id: [1]
[1] OK Por mi, para el proceso con id:[1]
[2] Recibimos peticiones de proceso con id: [0]
[2] OK Por mi, para el proceso con id:[0]
[2] Recibimos peticiones de proceso con id: [1]
[2] OK Por mi, para el proceso con id:[1]
[3] Recibimos peticiones de proceso con id: [0]
[3] Recibimos peticiones de proceso con id: [1]
[3]---SALIMOS de la Sección Crítica
[3]Vamos a responder a: 0
[3]Queue: [0, 1]
[0]---ENTRAMOS en la Sección Crítica
[0] Permanecemos en la Sección Crítica
[3]Vamos a responder a: 1
[3]Queue: [1]
[3]Estamos simulando el cálculo
[2]Intentamos entrar en la Sección Crítica
[2] Enviando multidifusion a todos los procesos
[0]---SALIMOS de la Sección Crítica
[0]Vamos a responder a: 1
[0]Queue: [1]
[0] Recibimos peticiones de proceso con id: [2]
[1]---ENTRAMOS en la Sección Crítica
[1] Permanecemos en la Sección Crítica
[0] OK Por mi, para el proceso con id:[2]
[1] Recibimos peticiones de proceso con id: [2]
[2] Recibimos peticiones de proceso con id: [2]
[2] OK Por mi, para el proceso con id:[2]
[3] Recibimos peticiones de proceso con id: [2]
[3] OK Por mi, para el proceso con id:[2]
[3]Intentamos entrar en la Sección Crítica
[3] Enviando multidifusion a todos los procesos
[0] Recibimos peticiones de proceso con id: [3]
[0] OK Por mi, para el proceso con id:[3]
[1] Recibimos peticiones de proceso con id: [3]
[2] Recibimos peticiones de proceso con id: [3]
[3] Recibimos peticiones de proceso con id: [3]
[3] OK Por mi, para el proceso con id:[3]
[1]---SALIMOS de la Sección Crítica
[1]Vamos a responder a: 2
[1]Queue: [2, 3]
[2]---ENTRAMOS en la Sección Crítica
[2] Permanecemos en la Sección Crítica
[1]Vamos a responder a: 3
[1]Queue: [3]
[2]---SALIMOS de la Sección Crítica
[2]Vamos a responder a: 3
[2]Queue: [3]
[3]---ENTRAMOS en la Sección Crítica
[3] Permanecemos en la Sección Crítica
[3]---SALIMOS de la Sección Crítica
